INFO:root:2018-09-12 18:10:37.756093
INFO:root:Extracting following ids
INFO:root:2018-09-12 18:11:44.451976
INFO:root:Extracting following ids
INFO:root:Following: sara_mostafavi
INFO:root:Following: dr_drae
INFO:root:Following: cancerevolution
INFO:root:Following: primalkitchen
INFO:root:Following: s_aldubayan
INFO:root:Following: jeetsukumaran
INFO:root:Following: ximi_qb
INFO:root:Following: stephenrra
INFO:root:Following: ChrisTokita
INFO:root:Following: SVAIresearch
INFO:root:Following: TGrantBelgard
INFO:root:Following: helen_reading
INFO:root:Following: judiehowrylak
INFO:root:Following: GregFinak
INFO:root:Following: AncaGene
INFO:root:Following: nicolasstransky
INFO:root:Following: tilmweber
INFO:root:Following: princyparsana
INFO:root:Following: LeeEdsall
INFO:root:Following: UPennGCB
INFO:root:Following: Giuseppe_Jurman
INFO:root:Following: Hairy_Llama
INFO:root:Following: MFBerger1
INFO:root:Following: kellogg_liz
INFO:root:Following: MarianaMatusG
INFO:root:Following: Beck_Laboratory
INFO:root:Following: marta_milo
INFO:root:Following: dukegcb
INFO:root:Following: NadineZiemert
INFO:root:Following: jwintersinger
INFO:root:Following: mruizvelley
INFO:root:Following: Ashley_Teufel
INFO:root:Following: tvatanen
INFO:root:Following: pascheet
INFO:root:Following: murphy2537
INFO:root:Following: emanuelvgo
INFO:root:Following: london_lab
INFO:root:Following: cssb_lab
INFO:root:Following: natehstanley
INFO:root:Following: Dr_EOC
INFO:root:Following: sauce_lab
INFO:root:Following: SergioAlcala_
INFO:root:Following: OpenPlantPath
INFO:root:Following: Dr_EOC
INFO:root:Following: sauce_lab
INFO:root:Following: SergioAlcala_
INFO:root:Following: OpenPlantPath
INFO:root:Following: cleveland_for
INFO:root:Following: SysForBio
INFO:root:Following: ModusGolems
INFO:root:Following: Dr_EOC
INFO:root:Following: sauce_lab
INFO:root:Following: SergioAlcala_
INFO:root:Following: OpenPlantPath
INFO:root:Following: cleveland_for
INFO:root:Following: SysForBio
INFO:root:Following: ModusGolems
INFO:root:Following: Dr_EOC
INFO:root:Following: sauce_lab
INFO:root:Following: SergioAlcala_
INFO:root:Following: OpenPlantPath
INFO:root:Following: cleveland_for
INFO:root:Following: SysForBio
INFO:root:Following: ModusGolems
INFO:root:Following: Dr_EOC
INFO:root:Following: sauce_lab
INFO:root:Following: SergioAlcala_
INFO:root:Following: OpenPlantPath
INFO:root:Following: cleveland_for
INFO:root:Following: SysForBio
INFO:root:Following: ModusGolems
INFO:root:Following: Dr_EOC
INFO:root:Following: sauce_lab
INFO:root:Following: SergioAlcala_
INFO:root:Following: OpenPlantPath
INFO:root:Following: cleveland_for
INFO:root:Following: SysForBio
INFO:root:Following: ModusGolems
INFO:root:Following: Dr_EOC
INFO:root:Following: sauce_lab
INFO:root:Following: SergioAlcala_
INFO:root:Following: OpenPlantPath
INFO:root:Following: cleveland_for
INFO:root:Following: SysForBio
INFO:root:Following: ModusGolems
INFO:root:Following: Dr_EOC
INFO:root:Following: sauce_lab
INFO:root:Following: SergioAlcala_
INFO:root:Following: OpenPlantPath
INFO:root:Following: cleveland_for
INFO:root:Following: SysForBio
INFO:root:Following: ModusGolems
INFO:root:Following: Dr_EOC
INFO:root:Following: sauce_lab
INFO:root:Following: SergioAlcala_
INFO:root:Following: OpenPlantPath
INFO:root:Following: cleveland_for
INFO:root:Following: SysForBio
INFO:root:Following: ModusGolems
INFO:root:Following: Dr_EOC
INFO:root:Following: sauce_lab
INFO:root:Following: SergioAlcala_
INFO:root:Following: OpenPlantPath
INFO:root:Following: cleveland_for
INFO:root:Following: SysForBio
INFO:root:Following: ModusGolems
INFO:root:Following: Dr_EOC
INFO:root:Following: sauce_lab
INFO:root:Following: SergioAlcala_
INFO:root:Following: OpenPlantPath
INFO:root:Following: cleveland_for
INFO:root:Following: SysForBio
INFO:root:Following: ModusGolems
INFO:root:Following: Dr_EOC
INFO:root:Following: sauce_lab
INFO:root:Following: SergioAlcala_
INFO:root:Following: OpenPlantPath
INFO:root:Following: cleveland_for
INFO:root:Following: SysForBio
INFO:root:Following: ModusGolems
INFO:root:Following: Dr_EOC
INFO:root:Following: sauce_lab
INFO:root:Following: SergioAlcala_
INFO:root:Following: OpenPlantPath
INFO:root:Following: cleveland_for
INFO:root:Following: SysForBio
INFO:root:Following: ModusGolems
INFO:root:Following: Dr_EOC
INFO:root:Following: sauce_lab
INFO:root:Following: SergioAlcala_
INFO:root:Following: OpenPlantPath
INFO:root:Following: cleveland_for
INFO:root:Following: SysForBio
INFO:root:Following: ModusGolems
INFO:root:Following: Dr_EOC
INFO:root:Following: sauce_lab
INFO:root:Following: SergioAlcala_
INFO:root:Following: OpenPlantPath
INFO:root:Following: cleveland_for
INFO:root:Following: SysForBio
INFO:root:Following: ModusGolems
INFO:root:Following: Dr_EOC
INFO:root:Following: sauce_lab
INFO:root:Following: SergioAlcala_
INFO:root:Following: OpenPlantPath
INFO:root:Following: cleveland_for
INFO:root:Following: SysForBio
INFO:root:Following: ModusGolems
INFO:root:Following: Dr_EOC
INFO:root:Following: sauce_lab
INFO:root:Following: SergioAlcala_
INFO:root:Following: OpenPlantPath
INFO:root:Following: cleveland_for
INFO:root:Following: SysForBio
INFO:root:Following: ModusGolems
INFO:root:Following: Dr_EOC
INFO:root:Following: sauce_lab
INFO:root:Following: SergioAlcala_
INFO:root:Following: OpenPlantPath
INFO:root:Following: cleveland_for
INFO:root:Following: SysForBio
INFO:root:Following: ModusGolems
INFO:root:Following: Dr_EOC
INFO:root:Following: sauce_lab
INFO:root:Following: SergioAlcala_
INFO:root:Following: OpenPlantPath
INFO:root:Following: cleveland_for
INFO:root:Following: SysForBio
INFO:root:Following: ModusGolems
INFO:root:Following: Dr_EOC
INFO:root:Following: sauce_lab
INFO:root:Following: SergioAlcala_
INFO:root:Following: OpenPlantPath
INFO:root:Following: cleveland_for
INFO:root:Following: SysForBio
INFO:root:Following: ModusGolems
INFO:root:Following: Dr_EOC
INFO:root:Following: sauce_lab
INFO:root:Following: SergioAlcala_
INFO:root:Following: OpenPlantPath
INFO:root:Following: cleveland_for
INFO:root:Following: SysForBio
INFO:root:Following: ModusGolems
INFO:root:Following: Dr_EOC
INFO:root:Following: sauce_lab
INFO:root:Following: SergioAlcala_
INFO:root:Following: OpenPlantPath
INFO:root:Following: cleveland_for
INFO:root:Following: SysForBio
INFO:root:Following: ModusGolems
INFO:root:Following: Dr_EOC
INFO:root:Following: sauce_lab
INFO:root:Following: SergioAlcala_
INFO:root:Following: OpenPlantPath
INFO:root:Following: cleveland_for
INFO:root:Following: SysForBio
INFO:root:Following: ModusGolems
INFO:root:Following: Dr_EOC
INFO:root:Following: sauce_lab
INFO:root:Following: SergioAlcala_
INFO:root:Following: OpenPlantPath
INFO:root:Following: cleveland_for
INFO:root:Following: SysForBio
INFO:root:Following: ModusGolems
INFO:root:Following: Dr_EOC
INFO:root:Following: sauce_lab
INFO:root:Following: SergioAlcala_
INFO:root:Following: OpenPlantPath
INFO:root:Following: cleveland_for
INFO:root:Following: SysForBio
INFO:root:Following: ModusGolems
INFO:root:Following: Dr_EOC
INFO:root:Following: sauce_lab
INFO:root:Following: SergioAlcala_
INFO:root:Following: OpenPlantPath
INFO:root:Following: cleveland_for
INFO:root:Following: SysForBio
INFO:root:Following: ModusGolems
INFO:root:Following: Dr_EOC
INFO:root:Following: sauce_lab
INFO:root:Following: SergioAlcala_
INFO:root:Following: OpenPlantPath
INFO:root:Following: cleveland_for
INFO:root:Following: SysForBio
INFO:root:Following: ModusGolems
INFO:root:Following: Dr_EOC
INFO:root:Following: sauce_lab
INFO:root:Following: SergioAlcala_
INFO:root:Following: OpenPlantPath
INFO:root:Following: cleveland_for
INFO:root:Following: SysForBio
INFO:root:Following: ModusGolems
INFO:root:Following: Dr_EOC
INFO:root:Following: sauce_lab
INFO:root:Following: SergioAlcala_
INFO:root:Following: OpenPlantPath
INFO:root:Following: cleveland_for
INFO:root:Following: SysForBio
INFO:root:Following: ModusGolems
INFO:root:Following: Dr_EOC
INFO:root:Following: sauce_lab
INFO:root:Following: SergioAlcala_
INFO:root:Following: OpenPlantPath
INFO:root:Following: cleveland_for
INFO:root:Following: SysForBio
INFO:root:Following: ModusGolems
INFO:root:No of new users found: 246
INFO:root://
INFO:root:2018-09-12 18:14:58.979981
INFO:root:Extracting following ids
INFO:root:Following: bioinfobot
INFO:root:Following: SheffBioinfCore
INFO:root:Following: BUISCIII
INFO:root:Following: tharris
INFO:root:Following: gregcaporaso
INFO:root:Following: GarmireGroup
INFO:root:Following: trashystats
INFO:root:Following: AedinCulhane
INFO:root:Following: wbmei
INFO:root:Following: acarroll_ATG
INFO:root:Following: BioContainers
INFO:root:Following: annasyme
INFO:root:Following: Bgeedb
INFO:root:Following: dpryan79
INFO:root:Following: TRHvidsten
INFO:root:Following: ctsa11
INFO:root:Following: stephen__doyle
INFO:root:Following: plbuttigieg
INFO:root:Following: fpattyn
INFO:root:Following: dr_gabry
INFO:root:Following: jckuga
INFO:root:Following: harpactocrates
INFO:root:Following: chrisamiller
INFO:root:Following: HUBioinformatic
INFO:root:Following: BioinfoGoe
INFO:root:Following: dasmoth
INFO:root:Following: SSABiostats
INFO:root:Following: drandersgs
INFO:root:Following: BioInfoCambs
INFO:root:Following: BioinfoGoe
INFO:root:Following: dasmoth
INFO:root:Following: SSABiostats
INFO:root:Following: BioinfoCRO
INFO:root:Following: sydneybioinfo
INFO:root:Following: muscovitebob
INFO:root:Following: _myrsini_
INFO:root:Following: Lokraj
INFO:root:Following: enricoferrero
INFO:root:Following: mirunaserian
INFO:root:Following: gibbological
INFO:root:Following: andhisband
INFO:root:Following: LonelyJoeParker
INFO:root:Following: jessicamaine
INFO:root:Following: FlavioRump
INFO:root:Following: kerencarss
INFO:root:Following: epicEphyra
INFO:root:Following: JohnPulice
INFO:root:Following: AliRezaieMD
INFO:root:Following: DOEKBase
INFO:root:Following: VampirSexKttns
INFO:root:Following: Danielle_Hamel_
INFO:root:Following: sophieokolo
INFO:root:Following: bagibson
INFO:root:Following: SteffiLutz
INFO:root:Following: Pedro_ABPereira
INFO:root:Following: dougsparling
INFO:root:Following: tmfrisby
INFO:root:Following: iosefward
INFO:root:Following: VSondervan
INFO:root:Following: ChatahSpots
INFO:root:Following: sj_capella
INFO:root:Following: Isabel_Laforest
INFO:root:Following: gabsie
INFO:root:Following: shfo
INFO:root:Following: masakanai
INFO:root:Following: JEFworks
INFO:root:Following: pvanheus
INFO:root:Following: lamyaalomair
INFO:root:Following: MetExplore
INFO:root:Following: 4273pi
INFO:root:Following: slowkow
INFO:root:Following: dasersoft
INFO:root:Following: uribe_convers
INFO:root:Following: Thomas_F_Hahn
INFO:root:Following: BBAjournals
INFO:root:Following: MahUliano
INFO:root:No of new users found: 77
INFO:root://
